<?xml version="1.0" encoding="UTF-8"?>
<!-- Generated by org.testng.reporters.JUnitReportReporter -->
<testsuite hostname="aniket" failures="0" tests="1" name="TestNG.contact" time="18.829" errors="0" timestamp="2023-11-24T21:59:21 IST" skipped="0">
  <testcase classname="TestNG.contact" name="contact1" time="18.829"/>
  <system-out/>
</testsuite> <!-- TestNG.contact -->
